[0.007s] Invoking command in '/home/yoimtv/rosProjects/ros_ws/src/build/polygon_base': CMAKE_PREFIX_PATH=${CMAKE_PREFIX_PATH}:/opt/ros/jazzy DEBUGINFOD_URLS=https://debuginfod.ubuntu.com /usr/bin/cmake --build /home/yoimtv/rosProjects/ros_ws/src/build/polygon_base -- -j24 -l24
[0.051s] [100%] Built target area_node
[0.064s] Invoked command in '/home/yoimtv/rosProjects/ros_ws/src/build/polygon_base' returned '0': CMAKE_PREFIX_PATH=${CMAKE_PREFIX_PATH}:/opt/ros/jazzy DEBUGINFOD_URLS=https://debuginfod.ubuntu.com /usr/bin/cmake --build /home/yoimtv/rosProjects/ros_ws/src/build/polygon_base -- -j24 -l24
[0.076s] Invoking command in '/home/yoimtv/rosProjects/ros_ws/src/build/polygon_base': CMAKE_PREFIX_PATH=${CMAKE_PREFIX_PATH}:/opt/ros/jazzy DEBUGINFOD_URLS=https://debuginfod.ubuntu.com /usr/bin/cmake --install /home/yoimtv/rosProjects/ros_ws/src/build/polygon_base
[0.086s] -- Install configuration: ""
[0.086s] -- Up-to-date: /home/yoimtv/rosProjects/ros_ws/src/install/polygon_base/include/polygon_base
[0.086s] -- Up-to-date: /home/yoimtv/rosProjects/ros_ws/src/install/polygon_base/include/polygon_base/polygon_base
[0.086s] -- Up-to-date: /home/yoimtv/rosProjects/ros_ws/src/install/polygon_base/include/polygon_base/polygon_base/regular_polygon.hpp
[0.086s] -- Up-to-date: /home/yoimtv/rosProjects/ros_ws/src/install/polygon_base/share/polygon_base/cmake/export_polygon_base.cmake
[0.086s] -- Up-to-date: /home/yoimtv/rosProjects/ros_ws/src/install/polygon_base/lib/polygon_base/area_node
[0.086s] -- Up-to-date: /home/yoimtv/rosProjects/ros_ws/src/install/polygon_base/share/ament_index/resource_index/package_run_dependencies/polygon_base
[0.086s] -- Up-to-date: /home/yoimtv/rosProjects/ros_ws/src/install/polygon_base/share/ament_index/resource_index/parent_prefix_path/polygon_base
[0.087s] -- Up-to-date: /home/yoimtv/rosProjects/ros_ws/src/install/polygon_base/share/polygon_base/environment/ament_prefix_path.sh
[0.087s] -- Up-to-date: /home/yoimtv/rosProjects/ros_ws/src/install/polygon_base/share/polygon_base/environment/ament_prefix_path.dsv
[0.087s] -- Up-to-date: /home/yoimtv/rosProjects/ros_ws/src/install/polygon_base/share/polygon_base/environment/path.sh
[0.087s] -- Up-to-date: /home/yoimtv/rosProjects/ros_ws/src/install/polygon_base/share/polygon_base/environment/path.dsv
[0.087s] -- Up-to-date: /home/yoimtv/rosProjects/ros_ws/src/install/polygon_base/share/polygon_base/local_setup.bash
[0.087s] -- Up-to-date: /home/yoimtv/rosProjects/ros_ws/src/install/polygon_base/share/polygon_base/local_setup.sh
[0.087s] -- Up-to-date: /home/yoimtv/rosProjects/ros_ws/src/install/polygon_base/share/polygon_base/local_setup.zsh
[0.087s] -- Up-to-date: /home/yoimtv/rosProjects/ros_ws/src/install/polygon_base/share/polygon_base/local_setup.dsv
[0.087s] -- Installing: /home/yoimtv/rosProjects/ros_ws/src/install/polygon_base/share/polygon_base/package.dsv
[0.087s] -- Up-to-date: /home/yoimtv/rosProjects/ros_ws/src/install/polygon_base/share/ament_index/resource_index/packages/polygon_base
[0.087s] -- Up-to-date: /home/yoimtv/rosProjects/ros_ws/src/install/polygon_base/share/polygon_base/cmake/export_polygon_baseExport.cmake
[0.087s] -- Up-to-date: /home/yoimtv/rosProjects/ros_ws/src/install/polygon_base/share/polygon_base/cmake/ament_cmake_export_include_directories-extras.cmake
[0.087s] -- Up-to-date: /home/yoimtv/rosProjects/ros_ws/src/install/polygon_base/share/polygon_base/cmake/ament_cmake_export_targets-extras.cmake
[0.087s] -- Up-to-date: /home/yoimtv/rosProjects/ros_ws/src/install/polygon_base/share/polygon_base/cmake/polygon_baseConfig.cmake
[0.088s] -- Up-to-date: /home/yoimtv/rosProjects/ros_ws/src/install/polygon_base/share/polygon_base/cmake/polygon_baseConfig-version.cmake
[0.088s] -- Up-to-date: /home/yoimtv/rosProjects/ros_ws/src/install/polygon_base/share/polygon_base/package.xml
[0.089s] Invoked command in '/home/yoimtv/rosProjects/ros_ws/src/build/polygon_base' returned '0': CMAKE_PREFIX_PATH=${CMAKE_PREFIX_PATH}:/opt/ros/jazzy DEBUGINFOD_URLS=https://debuginfod.ubuntu.com /usr/bin/cmake --install /home/yoimtv/rosProjects/ros_ws/src/build/polygon_base
