[0.006s] Invoking command in '/home/yoimtv/rosProjects/ros_ws/src/build/polygon_base': DEBUGINFOD_URLS=https://debuginfod.ubuntu.com /usr/bin/cmake /home/yoimtv/rosProjects/ros_ws/src/polygon_base -DCMAKE_INSTALL_PREFIX=/home/yoimtv/rosProjects/ros_ws/src/install/polygon_base
[0.094s] -- The C compiler identification is GNU 13.3.0
[0.156s] -- The CXX compiler identification is GNU 13.3.0
[0.174s] -- Detecting C compiler ABI info
[0.250s] -- Detecting C compiler ABI info - done
[0.259s] -- Check for working C compiler: /usr/bin/cc - skipped
[0.259s] -- Detecting C compile features
[0.260s] -- Detecting C compile features - done
[0.267s] -- Detecting CXX compiler ABI info
[0.337s] -- Detecting CXX compiler ABI info - done
[0.343s] -- Check for working CXX compiler: /usr/bin/c++ - skipped
[0.343s] -- Detecting CXX compile features
[0.343s] -- Detecting CXX compile features - done
[0.346s] -- Found ament_cmake: 2.5.5 (/opt/ros/jazzy/share/ament_cmake/cmake)
[0.457s] -- Found Python3: /usr/bin/python3 (found version "3.12.3") found components: Interpreter 
[0.546s] -- Found pluginlib: 5.4.4 (/opt/ros/jazzy/share/pluginlib/cmake)
[0.578s] -- Found TinyXML2 via Config file: /usr/lib/x86_64-linux-gnu/cmake/tinyxml2
[0.581s] -- Found ament_lint_auto: 0.17.4 (/opt/ros/jazzy/share/ament_lint_auto/cmake)
[0.629s] Error parsing '/home/yoimtv/rosProjects/ros_ws/src/polygon_base/package.xml':
[2.203s] Traceback (most recent call last):
[2.203s]   File "/opt/ros/jazzy/share/ament_cmake_core/cmake/core/package_xml_2_cmake.py", line 150, in <module>
[2.203s]     main()
[2.203s]   File "/opt/ros/jazzy/share/ament_cmake_core/cmake/core/package_xml_2_cmake.py", line 53, in main
[2.203s]     raise e
[2.203s]   File "/opt/ros/jazzy/share/ament_cmake_core/cmake/core/package_xml_2_cmake.py", line 49, in main
[2.203s]     package = parse_package_string(
[2.203s]               ^^^^^^^^^^^^^^^^^^^^^
[2.203s]   File "/usr/lib/python3/dist-packages/catkin_pkg/package.py", line 788, in parse_package_string
[2.203s]     pkg.validate(warnings=warnings)
[2.203s]   File "/usr/lib/python3/dist-packages/catkin_pkg/package.py", line 330, in validate
[2.203s]     raise InvalidPackage('\n'.join(errors), self.filename)
[2.203s] catkin_pkg.package.InvalidPackage: Error(s) in package '/home/yoimtv/rosProjects/ros_ws/src/polygon_base/package.xml':
[2.203s] Invalid email "keshavbhardwaj5354.com" for person "yoimtv"
[2.223s] [31mCMake Error at /opt/ros/jazzy/share/ament_cmake_core/cmake/core/ament_package_xml.cmake:95 (message):
[2.223s]   execute_process(/usr/bin/python3
[2.223s]   /opt/ros/jazzy/share/ament_cmake_core/cmake/core/package_xml_2_cmake.py
[2.223s]   /home/yoimtv/rosProjects/ros_ws/src/polygon_base/package.xml
[2.223s]   /home/yoimtv/rosProjects/ros_ws/src/build/polygon_base/ament_cmake_core/package.cmake)
[2.223s]   returned error code 1
[2.223s] Call Stack (most recent call first):
[2.223s]   /opt/ros/jazzy/share/ament_cmake_core/cmake/core/ament_package_xml.cmake:49 (_ament_package_xml)
[2.223s]   /opt/ros/jazzy/share/ament_lint_auto/cmake/ament_lint_auto_find_test_dependencies.cmake:31 (ament_package_xml)
[2.224s]   CMakeLists.txt:61 (ament_lint_auto_find_test_dependencies)
[2.224s] 
[2.224s] [0m
[2.224s] -- Configuring incomplete, errors occurred!
[2.228s] Invoked command in '/home/yoimtv/rosProjects/ros_ws/src/build/polygon_base' returned '1': DEBUGINFOD_URLS=https://debuginfod.ubuntu.com /usr/bin/cmake /home/yoimtv/rosProjects/ros_ws/src/polygon_base -DCMAKE_INSTALL_PREFIX=/home/yoimtv/rosProjects/ros_ws/src/install/polygon_base
