[0.006s] Invoking command in '/home/yoimtv/rosProjects/ros_ws/src/build/polygon_plugins': AMENT_PREFIX_PATH=/home/yoimtv/rosProjects/ros_ws/src/install/polygon_base:${AMENT_PREFIX_PATH} CMAKE_PREFIX_PATH=/home/yoimtv/rosProjects/ros_ws/src/install/polygon_base:/home/yoimtv/rosProjects/RoboticsArm/install/mybot_ros2:/home/yoimtv/rosProjects/RoboticsArm/install/mybot_description:/opt/ros/jazzy/opt/gz_sim_vendor:/opt/ros/jazzy/opt/gz_sensors_vendor:/opt/ros/jazzy/opt/gz_physics_vendor:/opt/ros/jazzy/opt/sdformat_vendor:/opt/ros/jazzy/opt/gz_gui_vendor:/opt/ros/jazzy/opt/gz_transport_vendor:/opt/ros/jazzy/opt/gz_rendering_vendor:/opt/ros/jazzy/opt/gz_plugin_vendor:/opt/ros/jazzy/opt/gz_fuel_tools_vendor:/opt/ros/jazzy/opt/gz_msgs_vendor:/opt/ros/jazzy/opt/gz_common_vendor:/opt/ros/jazzy/opt/gz_math_vendor:/opt/ros/jazzy/opt/gz_utils_vendor:/opt/ros/jazzy/opt/gz_tools_vendor:/opt/ros/jazzy/opt/gz_ogre_next_vendor:/opt/ros/jazzy/opt/gz_dartsim_vendor:/opt/ros/jazzy/opt/gz_cmake_vendor:/opt/ros/jazzy DEBUGINFOD_URLS=https://debuginfod.ubuntu.com /usr/bin/cmake /home/yoimtv/rosProjects/ros_ws/src/polygon_plugins -DCMAKE_INSTALL_PREFIX=/home/yoimtv/rosProjects/ros_ws/src/install/polygon_plugins
[0.019s] -- Found ament_cmake: 2.5.5 (/opt/ros/jazzy/share/ament_cmake/cmake)
[0.176s] -- Found ament_cmake_ros: 0.12.0 (/opt/ros/jazzy/share/ament_cmake_ros/cmake)
[0.177s] -- Found polygon_base: 0.0.0 (/home/yoimtv/rosProjects/ros_ws/src/install/polygon_base/share/polygon_base/cmake)
[0.178s] -- Found pluginlib: 5.4.4 (/opt/ros/jazzy/share/pluginlib/cmake)
[0.188s] -- Found TinyXML2 via Config file: /usr/lib/x86_64-linux-gnu/cmake/tinyxml2
[0.191s] -- Found ament_lint_auto: 0.17.4 (/opt/ros/jazzy/share/ament_lint_auto/cmake)
[0.260s] -- Added test 'cppcheck' to perform static code analysis on C / C++ code
[0.260s] -- Configured cppcheck include dirs: $<BUILD_INTERFACE:/home/yoimtv/rosProjects/ros_ws/src/polygon_plugins/include>
[0.260s] -- Configured cppcheck exclude dirs and/or files: 
[0.261s] -- Added test 'lint_cmake' to check CMake code style
[0.261s] -- Added test 'uncrustify' to check C / C++ code style
[0.261s] -- Configured uncrustify additional arguments: 
[0.262s] -- Added test 'xmllint' to check XML markup files
[0.264s] -- Configuring done (0.3s)
[0.267s] -- Generating done (0.0s)
[0.268s] -- Build files have been written to: /home/yoimtv/rosProjects/ros_ws/src/build/polygon_plugins
[0.271s] Invoked command in '/home/yoimtv/rosProjects/ros_ws/src/build/polygon_plugins' returned '0': AMENT_PREFIX_PATH=/home/yoimtv/rosProjects/ros_ws/src/install/polygon_base:${AMENT_PREFIX_PATH} CMAKE_PREFIX_PATH=/home/yoimtv/rosProjects/ros_ws/src/install/polygon_base:/home/yoimtv/rosProjects/RoboticsArm/install/mybot_ros2:/home/yoimtv/rosProjects/RoboticsArm/install/mybot_description:/opt/ros/jazzy/opt/gz_sim_vendor:/opt/ros/jazzy/opt/gz_sensors_vendor:/opt/ros/jazzy/opt/gz_physics_vendor:/opt/ros/jazzy/opt/sdformat_vendor:/opt/ros/jazzy/opt/gz_gui_vendor:/opt/ros/jazzy/opt/gz_transport_vendor:/opt/ros/jazzy/opt/gz_rendering_vendor:/opt/ros/jazzy/opt/gz_plugin_vendor:/opt/ros/jazzy/opt/gz_fuel_tools_vendor:/opt/ros/jazzy/opt/gz_msgs_vendor:/opt/ros/jazzy/opt/gz_common_vendor:/opt/ros/jazzy/opt/gz_math_vendor:/opt/ros/jazzy/opt/gz_utils_vendor:/opt/ros/jazzy/opt/gz_tools_vendor:/opt/ros/jazzy/opt/gz_ogre_next_vendor:/opt/ros/jazzy/opt/gz_dartsim_vendor:/opt/ros/jazzy/opt/gz_cmake_vendor:/opt/ros/jazzy DEBUGINFOD_URLS=https://debuginfod.ubuntu.com /usr/bin/cmake /home/yoimtv/rosProjects/ros_ws/src/polygon_plugins -DCMAKE_INSTALL_PREFIX=/home/yoimtv/rosProjects/ros_ws/src/install/polygon_plugins
[0.271s] Invoking command in '/home/yoimtv/rosProjects/ros_ws/src/build/polygon_plugins': AMENT_PREFIX_PATH=/home/yoimtv/rosProjects/ros_ws/src/install/polygon_base:${AMENT_PREFIX_PATH} CMAKE_PREFIX_PATH=/home/yoimtv/rosProjects/ros_ws/src/install/polygon_base:/home/yoimtv/rosProjects/RoboticsArm/install/mybot_ros2:/home/yoimtv/rosProjects/RoboticsArm/install/mybot_description:/opt/ros/jazzy/opt/gz_sim_vendor:/opt/ros/jazzy/opt/gz_sensors_vendor:/opt/ros/jazzy/opt/gz_physics_vendor:/opt/ros/jazzy/opt/sdformat_vendor:/opt/ros/jazzy/opt/gz_gui_vendor:/opt/ros/jazzy/opt/gz_transport_vendor:/opt/ros/jazzy/opt/gz_rendering_vendor:/opt/ros/jazzy/opt/gz_plugin_vendor:/opt/ros/jazzy/opt/gz_fuel_tools_vendor:/opt/ros/jazzy/opt/gz_msgs_vendor:/opt/ros/jazzy/opt/gz_common_vendor:/opt/ros/jazzy/opt/gz_math_vendor:/opt/ros/jazzy/opt/gz_utils_vendor:/opt/ros/jazzy/opt/gz_tools_vendor:/opt/ros/jazzy/opt/gz_ogre_next_vendor:/opt/ros/jazzy/opt/gz_dartsim_vendor:/opt/ros/jazzy/opt/gz_cmake_vendor:/opt/ros/jazzy DEBUGINFOD_URLS=https://debuginfod.ubuntu.com /usr/bin/cmake --build /home/yoimtv/rosProjects/ros_ws/src/build/polygon_plugins -- -j24 -l24
[0.310s] [ 50%] [32mBuilding CXX object CMakeFiles/polygon_plugins.dir/src/polygon_plugins.cpp.o[0m
[0.677s] [100%] [32m[1mLinking CXX shared library libpolygon_plugins.so[0m
[0.740s] [100%] Built target polygon_plugins
[0.748s] Invoked command in '/home/yoimtv/rosProjects/ros_ws/src/build/polygon_plugins' returned '0': AMENT_PREFIX_PATH=/home/yoimtv/rosProjects/ros_ws/src/install/polygon_base:${AMENT_PREFIX_PATH} CMAKE_PREFIX_PATH=/home/yoimtv/rosProjects/ros_ws/src/install/polygon_base:/home/yoimtv/rosProjects/RoboticsArm/install/mybot_ros2:/home/yoimtv/rosProjects/RoboticsArm/install/mybot_description:/opt/ros/jazzy/opt/gz_sim_vendor:/opt/ros/jazzy/opt/gz_sensors_vendor:/opt/ros/jazzy/opt/gz_physics_vendor:/opt/ros/jazzy/opt/sdformat_vendor:/opt/ros/jazzy/opt/gz_gui_vendor:/opt/ros/jazzy/opt/gz_transport_vendor:/opt/ros/jazzy/opt/gz_rendering_vendor:/opt/ros/jazzy/opt/gz_plugin_vendor:/opt/ros/jazzy/opt/gz_fuel_tools_vendor:/opt/ros/jazzy/opt/gz_msgs_vendor:/opt/ros/jazzy/opt/gz_common_vendor:/opt/ros/jazzy/opt/gz_math_vendor:/opt/ros/jazzy/opt/gz_utils_vendor:/opt/ros/jazzy/opt/gz_tools_vendor:/opt/ros/jazzy/opt/gz_ogre_next_vendor:/opt/ros/jazzy/opt/gz_dartsim_vendor:/opt/ros/jazzy/opt/gz_cmake_vendor:/opt/ros/jazzy DEBUGINFOD_URLS=https://debuginfod.ubuntu.com /usr/bin/cmake --build /home/yoimtv/rosProjects/ros_ws/src/build/polygon_plugins -- -j24 -l24
[0.749s] Invoking command in '/home/yoimtv/rosProjects/ros_ws/src/build/polygon_plugins': AMENT_PREFIX_PATH=/home/yoimtv/rosProjects/ros_ws/src/install/polygon_base:${AMENT_PREFIX_PATH} CMAKE_PREFIX_PATH=/home/yoimtv/rosProjects/ros_ws/src/install/polygon_base:/home/yoimtv/rosProjects/RoboticsArm/install/mybot_ros2:/home/yoimtv/rosProjects/RoboticsArm/install/mybot_description:/opt/ros/jazzy/opt/gz_sim_vendor:/opt/ros/jazzy/opt/gz_sensors_vendor:/opt/ros/jazzy/opt/gz_physics_vendor:/opt/ros/jazzy/opt/sdformat_vendor:/opt/ros/jazzy/opt/gz_gui_vendor:/opt/ros/jazzy/opt/gz_transport_vendor:/opt/ros/jazzy/opt/gz_rendering_vendor:/opt/ros/jazzy/opt/gz_plugin_vendor:/opt/ros/jazzy/opt/gz_fuel_tools_vendor:/opt/ros/jazzy/opt/gz_msgs_vendor:/opt/ros/jazzy/opt/gz_common_vendor:/opt/ros/jazzy/opt/gz_math_vendor:/opt/ros/jazzy/opt/gz_utils_vendor:/opt/ros/jazzy/opt/gz_tools_vendor:/opt/ros/jazzy/opt/gz_ogre_next_vendor:/opt/ros/jazzy/opt/gz_dartsim_vendor:/opt/ros/jazzy/opt/gz_cmake_vendor:/opt/ros/jazzy DEBUGINFOD_URLS=https://debuginfod.ubuntu.com /usr/bin/cmake --install /home/yoimtv/rosProjects/ros_ws/src/build/polygon_plugins
[0.757s] -- Install configuration: ""
[0.757s] -- Installing: /home/yoimtv/rosProjects/ros_ws/src/install/polygon_plugins/share/polygon_plugins/plugins.xml
[0.757s] -- Installing: /home/yoimtv/rosProjects/ros_ws/src/install/polygon_plugins/include/polygon_plugins
[0.757s] -- Installing: /home/yoimtv/rosProjects/ros_ws/src/install/polygon_plugins/include/polygon_plugins/polygon_plugins
[0.757s] -- Installing: /home/yoimtv/rosProjects/ros_ws/src/install/polygon_plugins/include/polygon_plugins/polygon_plugins/visibility_control.h
[0.757s] -- Installing: /home/yoimtv/rosProjects/ros_ws/src/install/polygon_plugins/include/polygon_plugins/polygon_plugins/polygon_plugins.hpp
[0.757s] -- Installing: /home/yoimtv/rosProjects/ros_ws/src/install/polygon_plugins/lib/libpolygon_plugins.so
[0.758s] -- Set non-toolchain portion of runtime path of "/home/yoimtv/rosProjects/ros_ws/src/install/polygon_plugins/lib/libpolygon_plugins.so" to ""
[0.758s] -- Installing: /home/yoimtv/rosProjects/ros_ws/src/install/polygon_plugins/share/polygon_plugins/environment/library_path.sh
[0.758s] -- Installing: /home/yoimtv/rosProjects/ros_ws/src/install/polygon_plugins/share/polygon_plugins/environment/library_path.dsv
[0.758s] -- Installing: /home/yoimtv/rosProjects/ros_ws/src/install/polygon_plugins/share/ament_index/resource_index/package_run_dependencies/polygon_plugins
[0.758s] -- Installing: /home/yoimtv/rosProjects/ros_ws/src/install/polygon_plugins/share/ament_index/resource_index/parent_prefix_path/polygon_plugins
[0.758s] -- Installing: /home/yoimtv/rosProjects/ros_ws/src/install/polygon_plugins/share/polygon_plugins/environment/ament_prefix_path.sh
[0.758s] -- Installing: /home/yoimtv/rosProjects/ros_ws/src/install/polygon_plugins/share/polygon_plugins/environment/ament_prefix_path.dsv
[0.758s] -- Installing: /home/yoimtv/rosProjects/ros_ws/src/install/polygon_plugins/share/polygon_plugins/environment/path.sh
[0.758s] -- Installing: /home/yoimtv/rosProjects/ros_ws/src/install/polygon_plugins/share/polygon_plugins/environment/path.dsv
[0.758s] -- Installing: /home/yoimtv/rosProjects/ros_ws/src/install/polygon_plugins/share/polygon_plugins/local_setup.bash
[0.758s] -- Installing: /home/yoimtv/rosProjects/ros_ws/src/install/polygon_plugins/share/polygon_plugins/local_setup.sh
[0.758s] -- Installing: /home/yoimtv/rosProjects/ros_ws/src/install/polygon_plugins/share/polygon_plugins/local_setup.zsh
[0.758s] -- Installing: /home/yoimtv/rosProjects/ros_ws/src/install/polygon_plugins/share/polygon_plugins/local_setup.dsv
[0.758s] -- Installing: /home/yoimtv/rosProjects/ros_ws/src/install/polygon_plugins/share/polygon_plugins/package.dsv
[0.759s] -- Installing: /home/yoimtv/rosProjects/ros_ws/src/install/polygon_plugins/share/ament_index/resource_index/packages/polygon_plugins
[0.759s] -- Installing: /home/yoimtv/rosProjects/ros_ws/src/install/polygon_plugins/share/ament_index/resource_index/polygon_base__pluginlib__plugin/polygon_plugins
[0.759s] -- Installing: /home/yoimtv/rosProjects/ros_ws/src/install/polygon_plugins/share/polygon_plugins/cmake/export_polygon_pluginsExport.cmake
[0.759s] -- Installing: /home/yoimtv/rosProjects/ros_ws/src/install/polygon_plugins/share/polygon_plugins/cmake/export_polygon_pluginsExport-noconfig.cmake
[0.759s] -- Installing: /home/yoimtv/rosProjects/ros_ws/src/install/polygon_plugins/share/polygon_plugins/cmake/ament_cmake_export_include_directories-extras.cmake
[0.759s] -- Installing: /home/yoimtv/rosProjects/ros_ws/src/install/polygon_plugins/share/polygon_plugins/cmake/ament_cmake_export_libraries-extras.cmake
[0.759s] -- Installing: /home/yoimtv/rosProjects/ros_ws/src/install/polygon_plugins/share/polygon_plugins/cmake/ament_cmake_export_targets-extras.cmake
[0.759s] -- Installing: /home/yoimtv/rosProjects/ros_ws/src/install/polygon_plugins/share/polygon_plugins/cmake/polygon_pluginsConfig.cmake
[0.759s] -- Installing: /home/yoimtv/rosProjects/ros_ws/src/install/polygon_plugins/share/polygon_plugins/cmake/polygon_pluginsConfig-version.cmake
[0.759s] -- Installing: /home/yoimtv/rosProjects/ros_ws/src/install/polygon_plugins/share/polygon_plugins/package.xml
[0.760s] Invoked command in '/home/yoimtv/rosProjects/ros_ws/src/build/polygon_plugins' returned '0': AMENT_PREFIX_PATH=/home/yoimtv/rosProjects/ros_ws/src/install/polygon_base:${AMENT_PREFIX_PATH} CMAKE_PREFIX_PATH=/home/yoimtv/rosProjects/ros_ws/src/install/polygon_base:/home/yoimtv/rosProjects/RoboticsArm/install/mybot_ros2:/home/yoimtv/rosProjects/RoboticsArm/install/mybot_description:/opt/ros/jazzy/opt/gz_sim_vendor:/opt/ros/jazzy/opt/gz_sensors_vendor:/opt/ros/jazzy/opt/gz_physics_vendor:/opt/ros/jazzy/opt/sdformat_vendor:/opt/ros/jazzy/opt/gz_gui_vendor:/opt/ros/jazzy/opt/gz_transport_vendor:/opt/ros/jazzy/opt/gz_rendering_vendor:/opt/ros/jazzy/opt/gz_plugin_vendor:/opt/ros/jazzy/opt/gz_fuel_tools_vendor:/opt/ros/jazzy/opt/gz_msgs_vendor:/opt/ros/jazzy/opt/gz_common_vendor:/opt/ros/jazzy/opt/gz_math_vendor:/opt/ros/jazzy/opt/gz_utils_vendor:/opt/ros/jazzy/opt/gz_tools_vendor:/opt/ros/jazzy/opt/gz_ogre_next_vendor:/opt/ros/jazzy/opt/gz_dartsim_vendor:/opt/ros/jazzy/opt/gz_cmake_vendor:/opt/ros/jazzy DEBUGINFOD_URLS=https://debuginfod.ubuntu.com /usr/bin/cmake --install /home/yoimtv/rosProjects/ros_ws/src/build/polygon_plugins
