[0.064s] DEBUG:colcon:Command line arguments: ['/usr/bin/colcon', 'build', '--packages-select', 'polygon_base', 'polygon_plugins']
[0.064s] DEBUG:colcon:Parsed command line arguments: Namespace(log_base=None, log_level=None, verb_name='build', build_base='build', install_base='install', merge_install=False, symlink_install=False, test_result_base=None, continue_on_error=False, executor='parallel', parallel_workers=24, event_handlers=None, ignore_user_meta=False, metas=['./colcon.meta'], base_paths=['.'], packages_ignore=None, packages_ignore_regex=None, paths=None, packages_up_to=None, packages_up_to_regex=None, packages_above=None, packages_above_and_dependencies=None, packages_above_depth=None, packages_select_by_dep=None, packages_skip_by_dep=None, packages_skip_up_to=None, packages_select_build_failed=False, packages_skip_build_finished=False, packages_select_test_failures=False, packages_skip_test_passed=False, packages_select=['polygon_base', 'polygon_plugins'], packages_skip=None, packages_select_regex=None, packages_skip_regex=None, packages_start=None, packages_end=None, allow_overriding=[], cmake_args=None, cmake_target=None, cmake_target_skip_unavailable=False, cmake_clean_cache=False, cmake_clean_first=False, cmake_force_configure=False, ament_cmake_args=None, catkin_cmake_args=None, catkin_skip_building_tests=False, mixin_files=None, mixin=None, verb_parser=<colcon_mixin.mixin.mixin_argument.MixinArgumentDecorator object at 0x708eb60757c0>, verb_extension=<colcon_core.verb.build.BuildVerb object at 0x708eb61c9580>, main=<bound method BuildVerb.main of <colcon_core.verb.build.BuildVerb object at 0x708eb61c9580>>, mixin_verb=('build',))
[0.087s] Level 1:colcon.colcon_core.package_discovery:discover_packages(colcon_meta) check parameters
[0.087s] Level 1:colcon.colcon_core.package_discovery:discover_packages(recursive) check parameters
[0.087s] Level 1:colcon.colcon_core.package_discovery:discover_packages(ignore) check parameters
[0.087s] Level 1:colcon.colcon_core.package_discovery:discover_packages(path) check parameters
[0.087s] Level 1:colcon.colcon_core.package_discovery:discover_packages(colcon_meta) discover
[0.087s] Level 1:colcon.colcon_core.package_discovery:discover_packages(recursive) discover
[0.087s] INFO:colcon.colcon_core.package_discovery:Crawling recursively for packages in '/home/yoimtv/rosProjects/ros_ws/src'
[0.088s] Level 1:colcon.colcon_core.package_identification:_identify(.) by extensions ['ignore', 'ignore_ament_install']
[0.088s] Level 1:colcon.colcon_core.package_identification:_identify(.) by extension 'ignore'
[0.088s] Level 1:colcon.colcon_core.package_identification:_identify(.) by extension 'ignore_ament_install'
[0.088s] Level 1:colcon.colcon_core.package_identification:_identify(.) by extensions ['colcon_pkg']
[0.088s] Level 1:colcon.colcon_core.package_identification:_identify(.) by extension 'colcon_pkg'
[0.088s] Level 1:colcon.colcon_core.package_identification:_identify(.) by extensions ['colcon_meta']
[0.088s] Level 1:colcon.colcon_core.package_identification:_identify(.) by extension 'colcon_meta'
[0.088s] Level 1:colcon.colcon_core.package_identification:_identify(.) by extensions ['ros']
[0.088s] Level 1:colcon.colcon_core.package_identification:_identify(.) by extension 'ros'
[0.104s] Level 1:colcon.colcon_core.package_identification:_identify(.) by extensions ['cmake', 'python']
[0.104s] Level 1:colcon.colcon_core.package_identification:_identify(.) by extension 'cmake'
[0.104s] Level 1:colcon.colcon_core.package_identification:_identify(.) by extension 'python'
[0.104s] Level 1:colcon.colcon_core.package_identification:_identify(.) by extensions ['python_setup_py']
[0.104s] Level 1:colcon.colcon_core.package_identification:_identify(.) by extension 'python_setup_py'
[0.104s] Level 1:colcon.colcon_core.package_identification:_identify(build) by extensions ['ignore', 'ignore_ament_install']
[0.104s] Level 1:colcon.colcon_core.package_identification:_identify(build) by extension 'ignore'
[0.104s] Level 1:colcon.colcon_core.package_identification:_identify(build) ignored
[0.104s] Level 1:colcon.colcon_core.package_identification:_identify(cpp_pubsub) by extensions ['ignore', 'ignore_ament_install']
[0.104s] Level 1:colcon.colcon_core.package_identification:_identify(cpp_pubsub) by extension 'ignore'
[0.104s] Level 1:colcon.colcon_core.package_identification:_identify(cpp_pubsub) by extension 'ignore_ament_install'
[0.105s] Level 1:colcon.colcon_core.package_identification:_identify(cpp_pubsub) by extensions ['colcon_pkg']
[0.105s] Level 1:colcon.colcon_core.package_identification:_identify(cpp_pubsub) by extension 'colcon_pkg'
[0.105s] Level 1:colcon.colcon_core.package_identification:_identify(cpp_pubsub) by extensions ['colcon_meta']
[0.105s] Level 1:colcon.colcon_core.package_identification:_identify(cpp_pubsub) by extension 'colcon_meta'
[0.105s] Level 1:colcon.colcon_core.package_identification:_identify(cpp_pubsub) by extensions ['ros']
[0.105s] Level 1:colcon.colcon_core.package_identification:_identify(cpp_pubsub) by extension 'ros'
[0.106s] DEBUG:colcon.colcon_core.package_identification:Package 'cpp_pubsub' with type 'ros.ament_cmake' and name 'cpp_pubsub'
[0.106s] Level 1:colcon.colcon_core.package_identification:_identify(cpp_srvcli) by extensions ['ignore', 'ignore_ament_install']
[0.106s] Level 1:colcon.colcon_core.package_identification:_identify(cpp_srvcli) by extension 'ignore'
[0.106s] Level 1:colcon.colcon_core.package_identification:_identify(cpp_srvcli) by extension 'ignore_ament_install'
[0.106s] Level 1:colcon.colcon_core.package_identification:_identify(cpp_srvcli) by extensions ['colcon_pkg']
[0.106s] Level 1:colcon.colcon_core.package_identification:_identify(cpp_srvcli) by extension 'colcon_pkg'
[0.107s] Level 1:colcon.colcon_core.package_identification:_identify(cpp_srvcli) by extensions ['colcon_meta']
[0.107s] Level 1:colcon.colcon_core.package_identification:_identify(cpp_srvcli) by extension 'colcon_meta'
[0.107s] Level 1:colcon.colcon_core.package_identification:_identify(cpp_srvcli) by extensions ['ros']
[0.107s] Level 1:colcon.colcon_core.package_identification:_identify(cpp_srvcli) by extension 'ros'
[0.107s] DEBUG:colcon.colcon_core.package_identification:Package 'cpp_srvcli' with type 'ros.ament_cmake' and name 'cpp_srvcli'
[0.107s] Level 1:colcon.colcon_core.package_identification:_identify(install) by extensions ['ignore', 'ignore_ament_install']
[0.107s] Level 1:colcon.colcon_core.package_identification:_identify(install) by extension 'ignore'
[0.107s] Level 1:colcon.colcon_core.package_identification:_identify(install) ignored
[0.107s] Level 1:colcon.colcon_core.package_identification:_identify(log) by extensions ['ignore', 'ignore_ament_install']
[0.107s] Level 1:colcon.colcon_core.package_identification:_identify(log) by extension 'ignore'
[0.107s] Level 1:colcon.colcon_core.package_identification:_identify(log) ignored
[0.107s] Level 1:colcon.colcon_core.package_identification:_identify(polygon_base) by extensions ['ignore', 'ignore_ament_install']
[0.107s] Level 1:colcon.colcon_core.package_identification:_identify(polygon_base) by extension 'ignore'
[0.107s] Level 1:colcon.colcon_core.package_identification:_identify(polygon_base) by extension 'ignore_ament_install'
[0.107s] Level 1:colcon.colcon_core.package_identification:_identify(polygon_base) by extensions ['colcon_pkg']
[0.107s] Level 1:colcon.colcon_core.package_identification:_identify(polygon_base) by extension 'colcon_pkg'
[0.107s] Level 1:colcon.colcon_core.package_identification:_identify(polygon_base) by extensions ['colcon_meta']
[0.107s] Level 1:colcon.colcon_core.package_identification:_identify(polygon_base) by extension 'colcon_meta'
[0.107s] Level 1:colcon.colcon_core.package_identification:_identify(polygon_base) by extensions ['ros']
[0.107s] Level 1:colcon.colcon_core.package_identification:_identify(polygon_base) by extension 'ros'
[0.108s] DEBUG:colcon.colcon_core.package_identification:Package 'polygon_base' with type 'ros.ament_cmake' and name 'polygon_base'
[0.108s] Level 1:colcon.colcon_core.package_identification:_identify(polygon_plugins) by extensions ['ignore', 'ignore_ament_install']
[0.108s] Level 1:colcon.colcon_core.package_identification:_identify(polygon_plugins) by extension 'ignore'
[0.108s] Level 1:colcon.colcon_core.package_identification:_identify(polygon_plugins) by extension 'ignore_ament_install'
[0.108s] Level 1:colcon.colcon_core.package_identification:_identify(polygon_plugins) by extensions ['colcon_pkg']
[0.108s] Level 1:colcon.colcon_core.package_identification:_identify(polygon_plugins) by extension 'colcon_pkg'
[0.108s] Level 1:colcon.colcon_core.package_identification:_identify(polygon_plugins) by extensions ['colcon_meta']
[0.108s] Level 1:colcon.colcon_core.package_identification:_identify(polygon_plugins) by extension 'colcon_meta'
[0.108s] Level 1:colcon.colcon_core.package_identification:_identify(polygon_plugins) by extensions ['ros']
[0.108s] Level 1:colcon.colcon_core.package_identification:_identify(polygon_plugins) by extension 'ros'
[0.108s] DEBUG:colcon.colcon_core.package_identification:Package 'polygon_plugins' with type 'ros.ament_cmake' and name 'polygon_plugins'
[0.108s] Level 1:colcon.colcon_core.package_identification:_identify(py_pubsub) by extensions ['ignore', 'ignore_ament_install']
[0.108s] Level 1:colcon.colcon_core.package_identification:_identify(py_pubsub) by extension 'ignore'
[0.109s] Level 1:colcon.colcon_core.package_identification:_identify(py_pubsub) by extension 'ignore_ament_install'
[0.109s] Level 1:colcon.colcon_core.package_identification:_identify(py_pubsub) by extensions ['colcon_pkg']
[0.109s] Level 1:colcon.colcon_core.package_identification:_identify(py_pubsub) by extension 'colcon_pkg'
[0.109s] Level 1:colcon.colcon_core.package_identification:_identify(py_pubsub) by extensions ['colcon_meta']
[0.109s] Level 1:colcon.colcon_core.package_identification:_identify(py_pubsub) by extension 'colcon_meta'
[0.109s] Level 1:colcon.colcon_core.package_identification:_identify(py_pubsub) by extensions ['ros']
[0.109s] Level 1:colcon.colcon_core.package_identification:_identify(py_pubsub) by extension 'ros'
[0.109s] DEBUG:colcon.colcon_core.package_identification:Package 'py_pubsub' with type 'ros.ament_python' and name 'py_pubsub'
[0.109s] Level 1:colcon.colcon_core.package_identification:_identify(py_srvcli) by extensions ['ignore', 'ignore_ament_install']
[0.109s] Level 1:colcon.colcon_core.package_identification:_identify(py_srvcli) by extension 'ignore'
[0.109s] Level 1:colcon.colcon_core.package_identification:_identify(py_srvcli) by extension 'ignore_ament_install'
[0.109s] Level 1:colcon.colcon_core.package_identification:_identify(py_srvcli) by extensions ['colcon_pkg']
[0.109s] Level 1:colcon.colcon_core.package_identification:_identify(py_srvcli) by extension 'colcon_pkg'
[0.109s] Level 1:colcon.colcon_core.package_identification:_identify(py_srvcli) by extensions ['colcon_meta']
[0.109s] Level 1:colcon.colcon_core.package_identification:_identify(py_srvcli) by extension 'colcon_meta'
[0.109s] Level 1:colcon.colcon_core.package_identification:_identify(py_srvcli) by extensions ['ros']
[0.109s] Level 1:colcon.colcon_core.package_identification:_identify(py_srvcli) by extension 'ros'
[0.110s] DEBUG:colcon.colcon_core.package_identification:Package 'py_srvcli' with type 'ros.ament_python' and name 'py_srvcli'
[0.110s] Level 1:colcon.colcon_core.package_discovery:discover_packages(recursive) using defaults
[0.110s] Level 1:colcon.colcon_core.package_discovery:discover_packages(ignore) discover
[0.110s] Level 1:colcon.colcon_core.package_discovery:discover_packages(ignore) using defaults
[0.110s] Level 1:colcon.colcon_core.package_discovery:discover_packages(path) discover
[0.110s] Level 1:colcon.colcon_core.package_discovery:discover_packages(path) using defaults
[0.122s] INFO:colcon.colcon_core.package_selection:Skipping not selected package 'cpp_pubsub' in 'cpp_pubsub'
[0.122s] INFO:colcon.colcon_core.package_selection:Skipping not selected package 'cpp_srvcli' in 'cpp_srvcli'
[0.122s] INFO:colcon.colcon_core.package_selection:Skipping not selected package 'py_pubsub' in 'py_pubsub'
[0.122s] INFO:colcon.colcon_core.package_selection:Skipping not selected package 'py_srvcli' in 'py_srvcli'
[0.122s] Level 1:colcon.colcon_core.package_discovery:discover_packages(prefix_path) check parameters
[0.122s] Level 1:colcon.colcon_core.package_discovery:discover_packages(prefix_path) discover
[0.123s] DEBUG:colcon.colcon_installed_package_information.package_discovery:Found 2 installed packages in /home/yoimtv/rosProjects/RoboticsArm/install
[0.124s] DEBUG:colcon.colcon_installed_package_information.package_discovery:Found 425 installed packages in /opt/ros/jazzy
[0.125s] Level 1:colcon.colcon_core.package_discovery:discover_packages(prefix_path) using defaults
[0.151s] Level 5:colcon.colcon_core.verb:set package 'polygon_base' build argument 'cmake_args' from command line to 'None'
[0.151s] Level 5:colcon.colcon_core.verb:set package 'polygon_base' build argument 'cmake_target' from command line to 'None'
[0.151s] Level 5:colcon.colcon_core.verb:set package 'polygon_base' build argument 'cmake_target_skip_unavailable' from command line to 'False'
[0.151s] Level 5:colcon.colcon_core.verb:set package 'polygon_base' build argument 'cmake_clean_cache' from command line to 'False'
[0.151s] Level 5:colcon.colcon_core.verb:set package 'polygon_base' build argument 'cmake_clean_first' from command line to 'False'
[0.151s] Level 5:colcon.colcon_core.verb:set package 'polygon_base' build argument 'cmake_force_configure' from command line to 'False'
[0.151s] Level 5:colcon.colcon_core.verb:set package 'polygon_base' build argument 'ament_cmake_args' from command line to 'None'
[0.151s] Level 5:colcon.colcon_core.verb:set package 'polygon_base' build argument 'catkin_cmake_args' from command line to 'None'
[0.152s] Level 5:colcon.colcon_core.verb:set package 'polygon_base' build argument 'catkin_skip_building_tests' from command line to 'False'
[0.152s] DEBUG:colcon.colcon_core.verb:Building package 'polygon_base' with the following arguments: {'ament_cmake_args': None, 'build_base': '/home/yoimtv/rosProjects/ros_ws/src/build/polygon_base', 'catkin_cmake_args': None, 'catkin_skip_building_tests': False, 'cmake_args': None, 'cmake_clean_cache': False, 'cmake_clean_first': False, 'cmake_force_configure': False, 'cmake_target': None, 'cmake_target_skip_unavailable': False, 'install_base': '/home/yoimtv/rosProjects/ros_ws/src/install/polygon_base', 'merge_install': False, 'path': '/home/yoimtv/rosProjects/ros_ws/src/polygon_base', 'symlink_install': False, 'test_result_base': None}
[0.152s] Level 5:colcon.colcon_core.verb:set package 'polygon_plugins' build argument 'cmake_args' from command line to 'None'
[0.152s] Level 5:colcon.colcon_core.verb:set package 'polygon_plugins' build argument 'cmake_target' from command line to 'None'
[0.152s] Level 5:colcon.colcon_core.verb:set package 'polygon_plugins' build argument 'cmake_target_skip_unavailable' from command line to 'False'
[0.152s] Level 5:colcon.colcon_core.verb:set package 'polygon_plugins' build argument 'cmake_clean_cache' from command line to 'False'
[0.152s] Level 5:colcon.colcon_core.verb:set package 'polygon_plugins' build argument 'cmake_clean_first' from command line to 'False'
[0.152s] Level 5:colcon.colcon_core.verb:set package 'polygon_plugins' build argument 'cmake_force_configure' from command line to 'False'
[0.152s] Level 5:colcon.colcon_core.verb:set package 'polygon_plugins' build argument 'ament_cmake_args' from command line to 'None'
[0.152s] Level 5:colcon.colcon_core.verb:set package 'polygon_plugins' build argument 'catkin_cmake_args' from command line to 'None'
[0.152s] Level 5:colcon.colcon_core.verb:set package 'polygon_plugins' build argument 'catkin_skip_building_tests' from command line to 'False'
[0.152s] DEBUG:colcon.colcon_core.verb:Building package 'polygon_plugins' with the following arguments: {'ament_cmake_args': None, 'build_base': '/home/yoimtv/rosProjects/ros_ws/src/build/polygon_plugins', 'catkin_cmake_args': None, 'catkin_skip_building_tests': False, 'cmake_args': None, 'cmake_clean_cache': False, 'cmake_clean_first': False, 'cmake_force_configure': False, 'cmake_target': None, 'cmake_target_skip_unavailable': False, 'install_base': '/home/yoimtv/rosProjects/ros_ws/src/install/polygon_plugins', 'merge_install': False, 'path': '/home/yoimtv/rosProjects/ros_ws/src/polygon_plugins', 'symlink_install': False, 'test_result_base': None}
[0.152s] INFO:colcon.colcon_core.executor:Executing jobs using 'parallel' executor
[0.152s] DEBUG:colcon.colcon_parallel_executor.executor.parallel:run_until_complete
[0.153s] INFO:colcon.colcon_ros.task.ament_cmake.build:Building ROS package in '/home/yoimtv/rosProjects/ros_ws/src/polygon_base' with build type 'ament_cmake'
[0.153s] INFO:colcon.colcon_cmake.task.cmake.build:Building CMake package in '/home/yoimtv/rosProjects/ros_ws/src/polygon_base'
[0.154s] INFO:colcon.colcon_core.plugin_system:Skipping extension 'colcon_core.shell.bat': Not used on non-Windows systems
[0.154s] INFO:colcon.colcon_core.shell:Skip shell extension 'powershell' for command environment: Not usable outside of PowerShell
[0.154s] DEBUG:colcon.colcon_core.shell:Skip shell extension 'dsv' for command environment
[0.160s] DEBUG:colcon.colcon_core.event_handler.log_command:Invoking command in '/home/yoimtv/rosProjects/ros_ws/src/build/polygon_base': CMAKE_PREFIX_PATH=${CMAKE_PREFIX_PATH}:/opt/ros/jazzy DEBUGINFOD_URLS=https://debuginfod.ubuntu.com /usr/bin/cmake --build /home/yoimtv/rosProjects/ros_ws/src/build/polygon_base -- -j24 -l24
[0.217s] DEBUG:colcon.colcon_core.event_handler.log_command:Invoked command in '/home/yoimtv/rosProjects/ros_ws/src/build/polygon_base' returned '0': CMAKE_PREFIX_PATH=${CMAKE_PREFIX_PATH}:/opt/ros/jazzy DEBUGINFOD_URLS=https://debuginfod.ubuntu.com /usr/bin/cmake --build /home/yoimtv/rosProjects/ros_ws/src/build/polygon_base -- -j24 -l24
[0.229s] DEBUG:colcon.colcon_core.event_handler.log_command:Invoking command in '/home/yoimtv/rosProjects/ros_ws/src/build/polygon_base': CMAKE_PREFIX_PATH=${CMAKE_PREFIX_PATH}:/opt/ros/jazzy DEBUGINFOD_URLS=https://debuginfod.ubuntu.com /usr/bin/cmake --install /home/yoimtv/rosProjects/ros_ws/src/build/polygon_base
[0.241s] Level 1:colcon.colcon_core.environment:create_environment_scripts_only(polygon_base)
[0.242s] DEBUG:colcon.colcon_core.event_handler.log_command:Invoked command in '/home/yoimtv/rosProjects/ros_ws/src/build/polygon_base' returned '0': CMAKE_PREFIX_PATH=${CMAKE_PREFIX_PATH}:/opt/ros/jazzy DEBUGINFOD_URLS=https://debuginfod.ubuntu.com /usr/bin/cmake --install /home/yoimtv/rosProjects/ros_ws/src/build/polygon_base
[0.245s] Level 1:colcon.colcon_core.environment:checking '/home/yoimtv/rosProjects/ros_ws/src/install/polygon_base' for CMake module files
[0.245s] Level 1:colcon.colcon_core.environment:checking '/home/yoimtv/rosProjects/ros_ws/src/install/polygon_base' for CMake config files
[0.246s] Level 1:colcon.colcon_core.shell:create_environment_hook('polygon_base', 'cmake_prefix_path')
[0.246s] INFO:colcon.colcon_core.shell:Creating environment hook '/home/yoimtv/rosProjects/ros_ws/src/install/polygon_base/share/polygon_base/hook/cmake_prefix_path.ps1'
[0.246s] INFO:colcon.colcon_core.shell:Creating environment descriptor '/home/yoimtv/rosProjects/ros_ws/src/install/polygon_base/share/polygon_base/hook/cmake_prefix_path.dsv'
[0.247s] INFO:colcon.colcon_core.shell:Creating environment hook '/home/yoimtv/rosProjects/ros_ws/src/install/polygon_base/share/polygon_base/hook/cmake_prefix_path.sh'
[0.248s] Level 1:colcon.colcon_core.environment:checking '/home/yoimtv/rosProjects/ros_ws/src/install/polygon_base/lib'
[0.248s] Level 1:colcon.colcon_core.environment:checking '/home/yoimtv/rosProjects/ros_ws/src/install/polygon_base/bin'
[0.248s] Level 1:colcon.colcon_core.environment:checking '/home/yoimtv/rosProjects/ros_ws/src/install/polygon_base/lib/pkgconfig/polygon_base.pc'
[0.248s] Level 1:colcon.colcon_core.environment:checking '/home/yoimtv/rosProjects/ros_ws/src/install/polygon_base/lib/python3.12/site-packages'
[0.249s] Level 1:colcon.colcon_core.environment:checking '/home/yoimtv/rosProjects/ros_ws/src/install/polygon_base/bin'
[0.249s] INFO:colcon.colcon_core.shell:Creating package script '/home/yoimtv/rosProjects/ros_ws/src/install/polygon_base/share/polygon_base/package.ps1'
[0.250s] INFO:colcon.colcon_core.shell:Creating package descriptor '/home/yoimtv/rosProjects/ros_ws/src/install/polygon_base/share/polygon_base/package.dsv'
[0.250s] INFO:colcon.colcon_core.shell:Creating package script '/home/yoimtv/rosProjects/ros_ws/src/install/polygon_base/share/polygon_base/package.sh'
[0.251s] INFO:colcon.colcon_core.shell:Creating package script '/home/yoimtv/rosProjects/ros_ws/src/install/polygon_base/share/polygon_base/package.bash'
[0.251s] INFO:colcon.colcon_core.shell:Creating package script '/home/yoimtv/rosProjects/ros_ws/src/install/polygon_base/share/polygon_base/package.zsh'
[0.252s] Level 1:colcon.colcon_core.environment:create_file_with_runtime_dependencies(/home/yoimtv/rosProjects/ros_ws/src/install/polygon_base/share/colcon-core/packages/polygon_base)
[0.252s] Level 1:colcon.colcon_core.environment:create_environment_scripts_only(polygon_base)
[0.252s] Level 1:colcon.colcon_core.environment:checking '/home/yoimtv/rosProjects/ros_ws/src/install/polygon_base' for CMake module files
[0.253s] Level 1:colcon.colcon_core.environment:checking '/home/yoimtv/rosProjects/ros_ws/src/install/polygon_base' for CMake config files
[0.254s] Level 1:colcon.colcon_core.shell:create_environment_hook('polygon_base', 'cmake_prefix_path')
[0.254s] INFO:colcon.colcon_core.shell:Creating environment hook '/home/yoimtv/rosProjects/ros_ws/src/install/polygon_base/share/polygon_base/hook/cmake_prefix_path.ps1'
[0.254s] INFO:colcon.colcon_core.shell:Creating environment descriptor '/home/yoimtv/rosProjects/ros_ws/src/install/polygon_base/share/polygon_base/hook/cmake_prefix_path.dsv'
[0.254s] INFO:colcon.colcon_core.shell:Creating environment hook '/home/yoimtv/rosProjects/ros_ws/src/install/polygon_base/share/polygon_base/hook/cmake_prefix_path.sh'
[0.255s] Level 1:colcon.colcon_core.environment:checking '/home/yoimtv/rosProjects/ros_ws/src/install/polygon_base/lib'
[0.255s] Level 1:colcon.colcon_core.environment:checking '/home/yoimtv/rosProjects/ros_ws/src/install/polygon_base/bin'
[0.255s] Level 1:colcon.colcon_core.environment:checking '/home/yoimtv/rosProjects/ros_ws/src/install/polygon_base/lib/pkgconfig/polygon_base.pc'
[0.255s] Level 1:colcon.colcon_core.environment:checking '/home/yoimtv/rosProjects/ros_ws/src/install/polygon_base/lib/python3.12/site-packages'
[0.256s] Level 1:colcon.colcon_core.environment:checking '/home/yoimtv/rosProjects/ros_ws/src/install/polygon_base/bin'
[0.256s] INFO:colcon.colcon_core.shell:Creating package script '/home/yoimtv/rosProjects/ros_ws/src/install/polygon_base/share/polygon_base/package.ps1'
[0.256s] INFO:colcon.colcon_core.shell:Creating package descriptor '/home/yoimtv/rosProjects/ros_ws/src/install/polygon_base/share/polygon_base/package.dsv'
[0.257s] INFO:colcon.colcon_core.shell:Creating package script '/home/yoimtv/rosProjects/ros_ws/src/install/polygon_base/share/polygon_base/package.sh'
[0.257s] INFO:colcon.colcon_core.shell:Creating package script '/home/yoimtv/rosProjects/ros_ws/src/install/polygon_base/share/polygon_base/package.bash'
[0.258s] INFO:colcon.colcon_core.shell:Creating package script '/home/yoimtv/rosProjects/ros_ws/src/install/polygon_base/share/polygon_base/package.zsh'
[0.258s] Level 1:colcon.colcon_core.environment:create_file_with_runtime_dependencies(/home/yoimtv/rosProjects/ros_ws/src/install/polygon_base/share/colcon-core/packages/polygon_base)
[0.258s] INFO:colcon.colcon_ros.task.ament_cmake.build:Building ROS package in '/home/yoimtv/rosProjects/ros_ws/src/polygon_plugins' with build type 'ament_cmake'
[0.259s] INFO:colcon.colcon_cmake.task.cmake.build:Building CMake package in '/home/yoimtv/rosProjects/ros_ws/src/polygon_plugins'
[0.259s] INFO:colcon.colcon_core.shell:Skip shell extension 'powershell' for command environment: Not usable outside of PowerShell
[0.259s] DEBUG:colcon.colcon_core.shell:Skip shell extension 'dsv' for command environment
[0.267s] DEBUG:colcon.colcon_core.event_handler.log_command:Invoking command in '/home/yoimtv/rosProjects/ros_ws/src/build/polygon_plugins': AMENT_PREFIX_PATH=/home/yoimtv/rosProjects/ros_ws/src/install/polygon_base:${AMENT_PREFIX_PATH} CMAKE_PREFIX_PATH=/home/yoimtv/rosProjects/ros_ws/src/install/polygon_base:/home/yoimtv/rosProjects/RoboticsArm/install/mybot_ros2:/home/yoimtv/rosProjects/RoboticsArm/install/mybot_description:/opt/ros/jazzy/opt/gz_sim_vendor:/opt/ros/jazzy/opt/gz_sensors_vendor:/opt/ros/jazzy/opt/gz_physics_vendor:/opt/ros/jazzy/opt/sdformat_vendor:/opt/ros/jazzy/opt/gz_gui_vendor:/opt/ros/jazzy/opt/gz_transport_vendor:/opt/ros/jazzy/opt/gz_rendering_vendor:/opt/ros/jazzy/opt/gz_plugin_vendor:/opt/ros/jazzy/opt/gz_fuel_tools_vendor:/opt/ros/jazzy/opt/gz_msgs_vendor:/opt/ros/jazzy/opt/gz_common_vendor:/opt/ros/jazzy/opt/gz_math_vendor:/opt/ros/jazzy/opt/gz_utils_vendor:/opt/ros/jazzy/opt/gz_tools_vendor:/opt/ros/jazzy/opt/gz_ogre_next_vendor:/opt/ros/jazzy/opt/gz_dartsim_vendor:/opt/ros/jazzy/opt/gz_cmake_vendor:/opt/ros/jazzy DEBUGINFOD_URLS=https://debuginfod.ubuntu.com /usr/bin/cmake /home/yoimtv/rosProjects/ros_ws/src/polygon_plugins -DCMAKE_INSTALL_PREFIX=/home/yoimtv/rosProjects/ros_ws/src/install/polygon_plugins
[0.457s] DEBUG:colcon.colcon_core.event_handler.log_command:Invoked command in '/home/yoimtv/rosProjects/ros_ws/src/build/polygon_plugins' returned '1': AMENT_PREFIX_PATH=/home/yoimtv/rosProjects/ros_ws/src/install/polygon_base:${AMENT_PREFIX_PATH} CMAKE_PREFIX_PATH=/home/yoimtv/rosProjects/ros_ws/src/install/polygon_base:/home/yoimtv/rosProjects/RoboticsArm/install/mybot_ros2:/home/yoimtv/rosProjects/RoboticsArm/install/mybot_description:/opt/ros/jazzy/opt/gz_sim_vendor:/opt/ros/jazzy/opt/gz_sensors_vendor:/opt/ros/jazzy/opt/gz_physics_vendor:/opt/ros/jazzy/opt/sdformat_vendor:/opt/ros/jazzy/opt/gz_gui_vendor:/opt/ros/jazzy/opt/gz_transport_vendor:/opt/ros/jazzy/opt/gz_rendering_vendor:/opt/ros/jazzy/opt/gz_plugin_vendor:/opt/ros/jazzy/opt/gz_fuel_tools_vendor:/opt/ros/jazzy/opt/gz_msgs_vendor:/opt/ros/jazzy/opt/gz_common_vendor:/opt/ros/jazzy/opt/gz_math_vendor:/opt/ros/jazzy/opt/gz_utils_vendor:/opt/ros/jazzy/opt/gz_tools_vendor:/opt/ros/jazzy/opt/gz_ogre_next_vendor:/opt/ros/jazzy/opt/gz_dartsim_vendor:/opt/ros/jazzy/opt/gz_cmake_vendor:/opt/ros/jazzy DEBUGINFOD_URLS=https://debuginfod.ubuntu.com /usr/bin/cmake /home/yoimtv/rosProjects/ros_ws/src/polygon_plugins -DCMAKE_INSTALL_PREFIX=/home/yoimtv/rosProjects/ros_ws/src/install/polygon_plugins
[0.466s] Level 1:colcon.colcon_core.environment:create_environment_scripts_only(polygon_plugins)
[0.467s] Level 1:colcon.colcon_core.environment:checking '/home/yoimtv/rosProjects/ros_ws/src/install/polygon_plugins' for CMake module files
[0.467s] Level 1:colcon.colcon_core.environment:checking '/home/yoimtv/rosProjects/ros_ws/src/install/polygon_plugins' for CMake config files
[0.467s] Level 1:colcon.colcon_core.environment:checking '/home/yoimtv/rosProjects/ros_ws/src/install/polygon_plugins/bin'
[0.467s] Level 1:colcon.colcon_core.environment:checking '/home/yoimtv/rosProjects/ros_ws/src/install/polygon_plugins/lib/pkgconfig/polygon_plugins.pc'
[0.467s] Level 1:colcon.colcon_core.environment:checking '/home/yoimtv/rosProjects/ros_ws/src/install/polygon_plugins/lib/python3.12/site-packages'
[0.467s] Level 1:colcon.colcon_core.environment:checking '/home/yoimtv/rosProjects/ros_ws/src/install/polygon_plugins/bin'
[0.467s] INFO:colcon.colcon_core.shell:Creating package script '/home/yoimtv/rosProjects/ros_ws/src/install/polygon_plugins/share/polygon_plugins/package.ps1'
[0.468s] INFO:colcon.colcon_core.shell:Creating package descriptor '/home/yoimtv/rosProjects/ros_ws/src/install/polygon_plugins/share/polygon_plugins/package.dsv'
[0.468s] INFO:colcon.colcon_core.shell:Creating package script '/home/yoimtv/rosProjects/ros_ws/src/install/polygon_plugins/share/polygon_plugins/package.sh'
[0.468s] INFO:colcon.colcon_core.shell:Creating package script '/home/yoimtv/rosProjects/ros_ws/src/install/polygon_plugins/share/polygon_plugins/package.bash'
[0.468s] INFO:colcon.colcon_core.shell:Creating package script '/home/yoimtv/rosProjects/ros_ws/src/install/polygon_plugins/share/polygon_plugins/package.zsh'
[0.468s] Level 1:colcon.colcon_core.environment:create_file_with_runtime_dependencies(/home/yoimtv/rosProjects/ros_ws/src/install/polygon_plugins/share/colcon-core/packages/polygon_plugins)
[0.478s] DEBUG:colcon.colcon_parallel_executor.executor.parallel:closing loop
[0.478s] DEBUG:colcon.colcon_parallel_executor.executor.parallel:loop closed
[0.479s] DEBUG:colcon.colcon_parallel_executor.executor.parallel:run_until_complete finished with '1'
[0.479s] DEBUG:colcon.colcon_core.event_reactor:joining thread
[0.487s] INFO:colcon.colcon_core.plugin_system:Skipping extension 'colcon_notification.desktop_notification.terminal_notifier': Not used on non-Darwin systems
[0.487s] INFO:colcon.colcon_core.plugin_system:Skipping extension 'colcon_notification.desktop_notification.win32': Not used on non-Windows systems
[0.487s] INFO:colcon.colcon_notification.desktop_notification:Sending desktop notification using 'notify2'
[0.501s] DEBUG:colcon.colcon_core.event_reactor:joined thread
[0.502s] INFO:colcon.colcon_core.shell:Creating prefix script '/home/yoimtv/rosProjects/ros_ws/src/install/local_setup.ps1'
[0.503s] INFO:colcon.colcon_core.shell:Creating prefix util module '/home/yoimtv/rosProjects/ros_ws/src/install/_local_setup_util_ps1.py'
[0.504s] INFO:colcon.colcon_core.shell:Creating prefix chain script '/home/yoimtv/rosProjects/ros_ws/src/install/setup.ps1'
[0.504s] INFO:colcon.colcon_core.shell:Creating prefix script '/home/yoimtv/rosProjects/ros_ws/src/install/local_setup.sh'
[0.505s] INFO:colcon.colcon_core.shell:Creating prefix util module '/home/yoimtv/rosProjects/ros_ws/src/install/_local_setup_util_sh.py'
[0.505s] INFO:colcon.colcon_core.shell:Creating prefix chain script '/home/yoimtv/rosProjects/ros_ws/src/install/setup.sh'
[0.506s] INFO:colcon.colcon_core.shell:Creating prefix script '/home/yoimtv/rosProjects/ros_ws/src/install/local_setup.bash'
[0.506s] INFO:colcon.colcon_core.shell:Creating prefix chain script '/home/yoimtv/rosProjects/ros_ws/src/install/setup.bash'
[0.507s] INFO:colcon.colcon_core.shell:Creating prefix script '/home/yoimtv/rosProjects/ros_ws/src/install/local_setup.zsh'
[0.507s] INFO:colcon.colcon_core.shell:Creating prefix chain script '/home/yoimtv/rosProjects/ros_ws/src/install/setup.zsh'
