[0.007s] Invoking command in '/home/yoimtv/rosProjects/ros_ws/src/build/polygon_base': CMAKE_PREFIX_PATH=${CMAKE_PREFIX_PATH}:/opt/ros/jazzy DEBUGINFOD_URLS=https://debuginfod.ubuntu.com /usr/bin/cmake /home/yoimtv/rosProjects/ros_ws/src/polygon_base -DCMAKE_INSTALL_PREFIX=/home/yoimtv/rosProjects/ros_ws/src/install/polygon_base
[0.017s] -- Found ament_cmake: 2.5.5 (/opt/ros/jazzy/share/ament_cmake/cmake)
[0.142s] -- Found pluginlib: 5.4.4 (/opt/ros/jazzy/share/pluginlib/cmake)
[0.153s] -- Found TinyXML2 via Config file: /usr/lib/x86_64-linux-gnu/cmake/tinyxml2
[0.154s] -- Found ament_lint_auto: 0.17.4 (/opt/ros/jazzy/share/ament_lint_auto/cmake)
[0.229s] -- Added test 'cppcheck' to perform static code analysis on C / C++ code
[0.229s] -- Configured cppcheck include dirs: $<BUILD_INTERFACE:/home/yoimtv/rosProjects/ros_ws/src/polygon_base/include>
[0.229s] -- Configured cppcheck exclude dirs and/or files: 
[0.230s] -- Added test 'lint_cmake' to check CMake code style
[0.231s] -- Added test 'uncrustify' to check C / C++ code style
[0.231s] -- Configured uncrustify additional arguments: 
[0.231s] -- Added test 'xmllint' to check XML markup files
[0.233s] -- Configuring done (0.2s)
[0.236s] -- Generating done (0.0s)
[0.238s] -- Build files have been written to: /home/yoimtv/rosProjects/ros_ws/src/build/polygon_base
[0.241s] Invoked command in '/home/yoimtv/rosProjects/ros_ws/src/build/polygon_base' returned '0': CMAKE_PREFIX_PATH=${CMAKE_PREFIX_PATH}:/opt/ros/jazzy DEBUGINFOD_URLS=https://debuginfod.ubuntu.com /usr/bin/cmake /home/yoimtv/rosProjects/ros_ws/src/polygon_base -DCMAKE_INSTALL_PREFIX=/home/yoimtv/rosProjects/ros_ws/src/install/polygon_base
[0.242s] Invoking command in '/home/yoimtv/rosProjects/ros_ws/src/build/polygon_base': CMAKE_PREFIX_PATH=${CMAKE_PREFIX_PATH}:/opt/ros/jazzy DEBUGINFOD_URLS=https://debuginfod.ubuntu.com /usr/bin/cmake --build /home/yoimtv/rosProjects/ros_ws/src/build/polygon_base -- -j24 -l24
[0.296s] [ 50%] [32mBuilding CXX object CMakeFiles/area_node.dir/src/area_node.cpp.o[0m
[1.772s] [100%] [32m[1mLinking CXX executable area_node[0m
[1.846s] [100%] Built target area_node
[1.855s] Invoked command in '/home/yoimtv/rosProjects/ros_ws/src/build/polygon_base' returned '0': CMAKE_PREFIX_PATH=${CMAKE_PREFIX_PATH}:/opt/ros/jazzy DEBUGINFOD_URLS=https://debuginfod.ubuntu.com /usr/bin/cmake --build /home/yoimtv/rosProjects/ros_ws/src/build/polygon_base -- -j24 -l24
[1.866s] Invoking command in '/home/yoimtv/rosProjects/ros_ws/src/build/polygon_base': CMAKE_PREFIX_PATH=${CMAKE_PREFIX_PATH}:/opt/ros/jazzy DEBUGINFOD_URLS=https://debuginfod.ubuntu.com /usr/bin/cmake --install /home/yoimtv/rosProjects/ros_ws/src/build/polygon_base
[1.877s] -- Install configuration: ""
[1.877s] -- Installing: /home/yoimtv/rosProjects/ros_ws/src/install/polygon_base/include/polygon_base
[1.877s] -- Installing: /home/yoimtv/rosProjects/ros_ws/src/install/polygon_base/include/polygon_base/polygon_base
[1.877s] -- Installing: /home/yoimtv/rosProjects/ros_ws/src/install/polygon_base/include/polygon_base/polygon_base/regular_polygon.hpp
[1.877s] -- Installing: /home/yoimtv/rosProjects/ros_ws/src/install/polygon_base/share/polygon_base/cmake/export_polygon_base.cmake
[1.877s] -- Installing: /home/yoimtv/rosProjects/ros_ws/src/install/polygon_base/lib/polygon_base/area_node
[1.878s] -- Set non-toolchain portion of runtime path of "/home/yoimtv/rosProjects/ros_ws/src/install/polygon_base/lib/polygon_base/area_node" to ""
[1.878s] -- Installing: /home/yoimtv/rosProjects/ros_ws/src/install/polygon_base/share/ament_index/resource_index/package_run_dependencies/polygon_base
[1.878s] -- Installing: /home/yoimtv/rosProjects/ros_ws/src/install/polygon_base/share/ament_index/resource_index/parent_prefix_path/polygon_base
[1.879s] -- Installing: /home/yoimtv/rosProjects/ros_ws/src/install/polygon_base/share/polygon_base/environment/ament_prefix_path.sh
[1.879s] -- Installing: /home/yoimtv/rosProjects/ros_ws/src/install/polygon_base/share/polygon_base/environment/ament_prefix_path.dsv
[1.879s] -- Installing: /home/yoimtv/rosProjects/ros_ws/src/install/polygon_base/share/polygon_base/environment/path.sh
[1.879s] -- Installing: /home/yoimtv/rosProjects/ros_ws/src/install/polygon_base/share/polygon_base/environment/path.dsv
[1.879s] -- Installing: /home/yoimtv/rosProjects/ros_ws/src/install/polygon_base/share/polygon_base/local_setup.bash
[1.879s] -- Installing: /home/yoimtv/rosProjects/ros_ws/src/install/polygon_base/share/polygon_base/local_setup.sh
[1.879s] -- Installing: /home/yoimtv/rosProjects/ros_ws/src/install/polygon_base/share/polygon_base/local_setup.zsh
[1.879s] -- Installing: /home/yoimtv/rosProjects/ros_ws/src/install/polygon_base/share/polygon_base/local_setup.dsv
[1.879s] -- Installing: /home/yoimtv/rosProjects/ros_ws/src/install/polygon_base/share/polygon_base/package.dsv
[1.879s] -- Installing: /home/yoimtv/rosProjects/ros_ws/src/install/polygon_base/share/ament_index/resource_index/packages/polygon_base
[1.880s] -- Installing: /home/yoimtv/rosProjects/ros_ws/src/install/polygon_base/share/polygon_base/cmake/export_polygon_baseExport.cmake
[1.880s] -- Installing: /home/yoimtv/rosProjects/ros_ws/src/install/polygon_base/share/polygon_base/cmake/ament_cmake_export_include_directories-extras.cmake
[1.880s] -- Installing: /home/yoimtv/rosProjects/ros_ws/src/install/polygon_base/share/polygon_base/cmake/ament_cmake_export_targets-extras.cmake
[1.880s] -- Installing: /home/yoimtv/rosProjects/ros_ws/src/install/polygon_base/share/polygon_base/cmake/polygon_baseConfig.cmake
[1.880s] -- Installing: /home/yoimtv/rosProjects/ros_ws/src/install/polygon_base/share/polygon_base/cmake/polygon_baseConfig-version.cmake
[1.880s] -- Installing: /home/yoimtv/rosProjects/ros_ws/src/install/polygon_base/share/polygon_base/package.xml
[1.882s] Invoked command in '/home/yoimtv/rosProjects/ros_ws/src/build/polygon_base' returned '0': CMAKE_PREFIX_PATH=${CMAKE_PREFIX_PATH}:/opt/ros/jazzy DEBUGINFOD_URLS=https://debuginfod.ubuntu.com /usr/bin/cmake --install /home/yoimtv/rosProjects/ros_ws/src/build/polygon_base
